<?xml version="1.0" encoding="UTF-8"?>
<!-- Generated by org.testng.reporters.JUnitXMLReporter -->
<testsuite ignored="2" hostname="SSSLT025" failures="6" tests="154" name="Test" time="3803.883" errors="0" timestamp="2024-04-17T10:58:45 IST">
  <testcase classname="allPages.InstallerSetup" name="InstallerBtnClick" time="4.652"/>
  <testcase classname="allPages.InstallerSetup" name="TC01" time="11.35"/>
  <testcase classname="allPages.InstallerSetup" name="EnterAllDetails" time="8.308"/>
  <testcase classname="allPages.InstallerSetup" name="TC02" time="8.238"/>
  <testcase classname="allPages.InstallerSetup" name="TC03" time="8.109"/>
  <testcase classname="allPages.InstallerSetup" name="TC04" time="8.163"/>
  <testcase classname="allPages.InstallerSetup" name="TC06" time="5.06"/>
  <testcase classname="allPages.InstallerSetup" name="TC07" time="9.626"/>
  <testcase classname="allPages.InstallerSetup" name="TC08" time="15.844"/>
  <testcase classname="allPages.InstallerSetup" name="TC10" time="16.027"/>
  <testcase classname="allPages.InstallerSetup" name="TC09" time="11.93"/>
  <testcase classname="allPages.InstallerSetup" name="TC11" time="10.592">
    <skipped/>
  </testcase> <!-- TC11 -->
  <testcase classname="allPages.InstallerSetup" name="TC11" time="10.377">
    <skipped/>
  </testcase> <!-- TC11 -->
  <testcase classname="allPages.InstallerSetup" name="TC11" time="10.186">
    <skipped/>
  </testcase> <!-- TC11 -->
  <testcase classname="allPages.InstallerSetup" name="TC11" time="10.095">
    <skipped/>
  </testcase> <!-- TC11 -->
  <testcase classname="allPages.InstallerSetup" name="TC11" time="10.502">
    <skipped/>
  </testcase> <!-- TC11 -->
  <testcase classname="allPages.InstallerSetup" name="TC11" time="9.273"/>
  <testcase classname="allPages.InstallerSetup" name="TC14" time="14.132">
    <skipped/>
  </testcase> <!-- TC14 -->
  <testcase classname="allPages.InstallerSetup" name="TC14" time="13.721">
    <skipped/>
  </testcase> <!-- TC14 -->
  <testcase classname="allPages.InstallerSetup" name="TC14" time="13.666">
    <skipped/>
  </testcase> <!-- TC14 -->
  <testcase classname="allPages.InstallerSetup" name="TC14" time="12.637"/>
  <testcase classname="allPages.InstallerSetup" name="TC15" time="16.025"/>
  <testcase classname="allPages.InstallerSetup" name="TC16" time="15.623"/>
  <testcase classname="allPages.InstallerSetup" name="TC17" time="9.956">
    <skipped/>
  </testcase> <!-- TC17 -->
  <testcase classname="allPages.InstallerSetup" name="TC17" time="9.856">
    <skipped/>
  </testcase> <!-- TC17 -->
  <testcase classname="allPages.InstallerSetup" name="TC17" time="9.676">
    <skipped/>
  </testcase> <!-- TC17 -->
  <testcase classname="allPages.InstallerSetup" name="TC17" time="9.85">
    <skipped/>
  </testcase> <!-- TC17 -->
  <testcase classname="allPages.InstallerSetup" name="TC17" time="9.597">
    <skipped/>
  </testcase> <!-- TC17 -->
  <testcase classname="allPages.InstallerSetup" name="TC17" time="13.091"/>
  <testcase classname="allPages.InstallerSetup" name="TC18" time="10.674"/>
  <testcase classname="allPages.InstallerSetup" name="TC19" time="6.338"/>
  <testcase classname="allPages.InstallerSetup" name="TC20" time="6.229"/>
  <testcase classname="allPages.InstallerSetup" name="TC21" time="38.663">
    <skipped/>
  </testcase> <!-- TC21 -->
  <testcase classname="allPages.InstallerSetup" name="TC21" time="38.645">
    <skipped/>
  </testcase> <!-- TC21 -->
  <testcase classname="allPages.InstallerSetup" name="TC21" time="38.772">
    <skipped/>
  </testcase> <!-- TC21 -->
  <testcase classname="allPages.InstallerSetup" name="TC21" time="38.633">
    <skipped/>
  </testcase> <!-- TC21 -->
  <testcase classname="allPages.InstallerSetup" name="TC21" time="38.664">
    <skipped/>
  </testcase> <!-- TC21 -->
  <testcase classname="allPages.InstallerSetup" name="TC21" time="38.556">
    <failure type="org.openqa.selenium.NoSuchElementException" message="no such element: Unable to locate element: {&amp;quot;method&amp;quot;:&amp;quot;xpath&amp;quot;,&amp;quot;selector&amp;quot;:&amp;quot;//*[@id=&amp;quot;kt_content_container&amp;quot;]/div[2]/div/table/tbody/tr/td[8]/span/a&amp;quot;}
  (Session info: chrome=123.0.6312.123)
For documentation on this error, please visit: https://www.selenium.dev/documentation/webdriver/troubleshooting/errors#no-such-element-exception
Build info: version: &amp;apos;4.18.1&amp;apos;, revision: &amp;apos;b1d3319b48&amp;apos;
System info: os.name: &amp;apos;Windows 11&amp;apos;, os.arch: &amp;apos;amd64&amp;apos;, os.version: &amp;apos;10.0&amp;apos;, java.version: &amp;apos;21.0.2&amp;apos;
Driver info: org.openqa.selenium.chrome.ChromeDriver
Command: [9e3554267add6fdbbf9600522492b62c, findElement {using=xpath, value=//*[@id=&amp;quot;kt_content_container&amp;quot;]/div[2]/div/table/tbody/tr/td[8]/span/a}]
Capabilities {acceptInsecureCerts: false, browserName: chrome, browserVersion: 123.0.6312.123, chrome: {chromedriverVersion: 123.0.6312.122 (31f8248cdd9..., userDataDir: C:\Users\THIRUM~1\AppData\L...}, fedcm:accounts: true, goog:chromeOptions: {debuggerAddress: localhost:61274}, networkConnectionEnabled: false, pageLoadStrategy: normal, platformName: windows, proxy: Proxy(), se:cdp: ws://localhost:61274/devtoo..., se:cdpVersion: 123.0.6312.123, setWindowRect: true, strictFileInteractability: false, timeouts: {implicit: 0, pageLoad: 300000, script: 30000}, unhandledPromptBehavior: dismiss and notify, webauthn:extension:credBlob: true, webauthn:extension:largeBlob: true, webauthn:extension:minPinLength: true, webauthn:extension:prf: true, webauthn:virtualAuthenticators: true}
Session ID: 9e3554267add6fdbbf9600522492b62c">
      <![CDATA[org.openqa.selenium.NoSuchElementException: no such element: Unable to locate element: {"method":"xpath","selector":"//*[@id="kt_content_container"]/div[2]/div/table/tbody/tr/td[8]/span/a"}
  (Session info: chrome=123.0.6312.123)
For documentation on this error, please visit: https://www.selenium.dev/documentation/webdriver/troubleshooting/errors#no-such-element-exception
Build info: version: '4.18.1', revision: 'b1d3319b48'
System info: os.name: 'Windows 11', os.arch: 'amd64', os.version: '10.0', java.version: '21.0.2'
Driver info: org.openqa.selenium.chrome.ChromeDriver
Command: [9e3554267add6fdbbf9600522492b62c, findElement {using=xpath, value=//*[@id="kt_content_container"]/div[2]/div/table/tbody/tr/td[8]/span/a}]
Capabilities {acceptInsecureCerts: false, browserName: chrome, browserVersion: 123.0.6312.123, chrome: {chromedriverVersion: 123.0.6312.122 (31f8248cdd9..., userDataDir: C:\Users\THIRUM~1\AppData\L...}, fedcm:accounts: true, goog:chromeOptions: {debuggerAddress: localhost:61274}, networkConnectionEnabled: false, pageLoadStrategy: normal, platformName: windows, proxy: Proxy(), se:cdp: ws://localhost:61274/devtoo..., se:cdpVersion: 123.0.6312.123, setWindowRect: true, strictFileInteractability: false, timeouts: {implicit: 0, pageLoad: 300000, script: 30000}, unhandledPromptBehavior: dismiss and notify, webauthn:extension:credBlob: true, webauthn:extension:largeBlob: true, webauthn:extension:minPinLength: true, webauthn:extension:prf: true, webauthn:virtualAuthenticators: true}
Session ID: 9e3554267add6fdbbf9600522492b62c
at org.openqa.selenium.remote.ErrorCodec.decode(ErrorCodec.java:167)
at org.openqa.selenium.remote.codec.w3c.W3CHttpResponseCodec.decode(W3CHttpResponseCodec.java:138)
at org.openqa.selenium.remote.codec.w3c.W3CHttpResponseCodec.decode(W3CHttpResponseCodec.java:50)
at org.openqa.selenium.remote.HttpCommandExecutor.execute(HttpCommandExecutor.java:190)
at org.openqa.selenium.remote.service.DriverCommandExecutor.invokeExecute(DriverCommandExecutor.java:216)
at org.openqa.selenium.remote.service.DriverCommandExecutor.execute(DriverCommandExecutor.java:174)
at org.openqa.selenium.remote.RemoteWebDriver.execute(RemoteWebDriver.java:519)
at org.openqa.selenium.remote.ElementLocation$ElementFinder$2.findElement(ElementLocation.java:165)
at org.openqa.selenium.remote.ElementLocation.findElement(ElementLocation.java:59)
at org.openqa.selenium.remote.RemoteWebDriver.findElement(RemoteWebDriver.java:356)
at org.openqa.selenium.remote.RemoteWebDriver.findElement(RemoteWebDriver.java:350)
at allPages.InstallerSetup.TC21(InstallerSetup.java:555)
at java.base/java.util.ArrayList.forEach(ArrayList.java:1596)
... Removed 28 stack frames]]>
    </failure>
  </testcase> <!-- TC21 -->
  <testcase classname="allPages.InstallerSetup" name="TC22" time="38.743">
    <skipped/>
  </testcase> <!-- TC22 -->
  <testcase classname="allPages.InstallerSetup" name="TC22" time="38.651">
    <skipped/>
  </testcase> <!-- TC22 -->
  <testcase classname="allPages.InstallerSetup" name="TC22" time="38.565">
    <skipped/>
  </testcase> <!-- TC22 -->
  <testcase classname="allPages.InstallerSetup" name="TC22" time="38.536">
    <skipped/>
  </testcase> <!-- TC22 -->
  <testcase classname="allPages.InstallerSetup" name="TC22" time="38.427">
    <skipped/>
  </testcase> <!-- TC22 -->
  <testcase classname="allPages.InstallerSetup" name="TC22" time="38.341">
    <failure type="org.openqa.selenium.NoSuchElementException" message="no such element: Unable to locate element: {&amp;quot;method&amp;quot;:&amp;quot;xpath&amp;quot;,&amp;quot;selector&amp;quot;:&amp;quot;//*[@id=&amp;quot;kt_content_container&amp;quot;]/div[2]/div/table/tbody/tr/td[8]/span/a&amp;quot;}
  (Session info: chrome=123.0.6312.123)
For documentation on this error, please visit: https://www.selenium.dev/documentation/webdriver/troubleshooting/errors#no-such-element-exception
Build info: version: &amp;apos;4.18.1&amp;apos;, revision: &amp;apos;b1d3319b48&amp;apos;
System info: os.name: &amp;apos;Windows 11&amp;apos;, os.arch: &amp;apos;amd64&amp;apos;, os.version: &amp;apos;10.0&amp;apos;, java.version: &amp;apos;21.0.2&amp;apos;
Driver info: org.openqa.selenium.chrome.ChromeDriver
Command: [c16af9066bc48b33735ffa541ef1a8ce, findElement {using=xpath, value=//*[@id=&amp;quot;kt_content_container&amp;quot;]/div[2]/div/table/tbody/tr/td[8]/span/a}]
Capabilities {acceptInsecureCerts: false, browserName: chrome, browserVersion: 123.0.6312.123, chrome: {chromedriverVersion: 123.0.6312.122 (31f8248cdd9..., userDataDir: C:\Users\THIRUM~1\AppData\L...}, fedcm:accounts: true, goog:chromeOptions: {debuggerAddress: localhost:61781}, networkConnectionEnabled: false, pageLoadStrategy: normal, platformName: windows, proxy: Proxy(), se:cdp: ws://localhost:61781/devtoo..., se:cdpVersion: 123.0.6312.123, setWindowRect: true, strictFileInteractability: false, timeouts: {implicit: 0, pageLoad: 300000, script: 30000}, unhandledPromptBehavior: dismiss and notify, webauthn:extension:credBlob: true, webauthn:extension:largeBlob: true, webauthn:extension:minPinLength: true, webauthn:extension:prf: true, webauthn:virtualAuthenticators: true}
Session ID: c16af9066bc48b33735ffa541ef1a8ce">
      <![CDATA[org.openqa.selenium.NoSuchElementException: no such element: Unable to locate element: {"method":"xpath","selector":"//*[@id="kt_content_container"]/div[2]/div/table/tbody/tr/td[8]/span/a"}
  (Session info: chrome=123.0.6312.123)
For documentation on this error, please visit: https://www.selenium.dev/documentation/webdriver/troubleshooting/errors#no-such-element-exception
Build info: version: '4.18.1', revision: 'b1d3319b48'
System info: os.name: 'Windows 11', os.arch: 'amd64', os.version: '10.0', java.version: '21.0.2'
Driver info: org.openqa.selenium.chrome.ChromeDriver
Command: [c16af9066bc48b33735ffa541ef1a8ce, findElement {using=xpath, value=//*[@id="kt_content_container"]/div[2]/div/table/tbody/tr/td[8]/span/a}]
Capabilities {acceptInsecureCerts: false, browserName: chrome, browserVersion: 123.0.6312.123, chrome: {chromedriverVersion: 123.0.6312.122 (31f8248cdd9..., userDataDir: C:\Users\THIRUM~1\AppData\L...}, fedcm:accounts: true, goog:chromeOptions: {debuggerAddress: localhost:61781}, networkConnectionEnabled: false, pageLoadStrategy: normal, platformName: windows, proxy: Proxy(), se:cdp: ws://localhost:61781/devtoo..., se:cdpVersion: 123.0.6312.123, setWindowRect: true, strictFileInteractability: false, timeouts: {implicit: 0, pageLoad: 300000, script: 30000}, unhandledPromptBehavior: dismiss and notify, webauthn:extension:credBlob: true, webauthn:extension:largeBlob: true, webauthn:extension:minPinLength: true, webauthn:extension:prf: true, webauthn:virtualAuthenticators: true}
Session ID: c16af9066bc48b33735ffa541ef1a8ce
at org.openqa.selenium.remote.ErrorCodec.decode(ErrorCodec.java:167)
at org.openqa.selenium.remote.codec.w3c.W3CHttpResponseCodec.decode(W3CHttpResponseCodec.java:138)
at org.openqa.selenium.remote.codec.w3c.W3CHttpResponseCodec.decode(W3CHttpResponseCodec.java:50)
at org.openqa.selenium.remote.HttpCommandExecutor.execute(HttpCommandExecutor.java:190)
at org.openqa.selenium.remote.service.DriverCommandExecutor.invokeExecute(DriverCommandExecutor.java:216)
at org.openqa.selenium.remote.service.DriverCommandExecutor.execute(DriverCommandExecutor.java:174)
at org.openqa.selenium.remote.RemoteWebDriver.execute(RemoteWebDriver.java:519)
at org.openqa.selenium.remote.ElementLocation$ElementFinder$2.findElement(ElementLocation.java:165)
at org.openqa.selenium.remote.ElementLocation.findElement(ElementLocation.java:59)
at org.openqa.selenium.remote.RemoteWebDriver.findElement(RemoteWebDriver.java:356)
at org.openqa.selenium.remote.RemoteWebDriver.findElement(RemoteWebDriver.java:350)
at allPages.InstallerSetup.TC22(InstallerSetup.java:569)
at java.base/java.util.ArrayList.forEach(ArrayList.java:1596)
... Removed 28 stack frames]]>
    </failure>
  </testcase> <!-- TC22 -->
  <testcase classname="allPages.InstallerSetup" name="TC23" time="40.48">
    <skipped/>
  </testcase> <!-- TC23 -->
  <testcase classname="allPages.InstallerSetup" name="TC23" time="41.064">
    <skipped/>
  </testcase> <!-- TC23 -->
  <testcase classname="allPages.InstallerSetup" name="TC23" time="41.241">
    <skipped/>
  </testcase> <!-- TC23 -->
  <testcase classname="allPages.InstallerSetup" name="TC23" time="41.118">
    <skipped/>
  </testcase> <!-- TC23 -->
  <testcase classname="allPages.InstallerSetup" name="TC23" time="40.976">
    <skipped/>
  </testcase> <!-- TC23 -->
  <testcase classname="allPages.InstallerSetup" name="TC23" time="40.999">
    <failure type="org.openqa.selenium.NoSuchElementException" message="no such element: Unable to locate element: {&amp;quot;method&amp;quot;:&amp;quot;xpath&amp;quot;,&amp;quot;selector&amp;quot;:&amp;quot;//*[@id=&amp;quot;kt_content_container&amp;quot;]/div[2]/div/table/tbody/tr/td[8]/span/a&amp;quot;}
  (Session info: chrome=123.0.6312.123)
For documentation on this error, please visit: https://www.selenium.dev/documentation/webdriver/troubleshooting/errors#no-such-element-exception
Build info: version: &amp;apos;4.18.1&amp;apos;, revision: &amp;apos;b1d3319b48&amp;apos;
System info: os.name: &amp;apos;Windows 11&amp;apos;, os.arch: &amp;apos;amd64&amp;apos;, os.version: &amp;apos;10.0&amp;apos;, java.version: &amp;apos;21.0.2&amp;apos;
Driver info: org.openqa.selenium.chrome.ChromeDriver
Command: [68467fa6e3a2d5012cfc82b8dbe32385, findElement {using=xpath, value=//*[@id=&amp;quot;kt_content_container&amp;quot;]/div[2]/div/table/tbody/tr/td[8]/span/a}]
Capabilities {acceptInsecureCerts: false, browserName: chrome, browserVersion: 123.0.6312.123, chrome: {chromedriverVersion: 123.0.6312.122 (31f8248cdd9..., userDataDir: C:\Users\THIRUM~1\AppData\L...}, fedcm:accounts: true, goog:chromeOptions: {debuggerAddress: localhost:62360}, networkConnectionEnabled: false, pageLoadStrategy: normal, platformName: windows, proxy: Proxy(), se:cdp: ws://localhost:62360/devtoo..., se:cdpVersion: 123.0.6312.123, setWindowRect: true, strictFileInteractability: false, timeouts: {implicit: 0, pageLoad: 300000, script: 30000}, unhandledPromptBehavior: dismiss and notify, webauthn:extension:credBlob: true, webauthn:extension:largeBlob: true, webauthn:extension:minPinLength: true, webauthn:extension:prf: true, webauthn:virtualAuthenticators: true}
Session ID: 68467fa6e3a2d5012cfc82b8dbe32385">
      <![CDATA[org.openqa.selenium.NoSuchElementException: no such element: Unable to locate element: {"method":"xpath","selector":"//*[@id="kt_content_container"]/div[2]/div/table/tbody/tr/td[8]/span/a"}
  (Session info: chrome=123.0.6312.123)
For documentation on this error, please visit: https://www.selenium.dev/documentation/webdriver/troubleshooting/errors#no-such-element-exception
Build info: version: '4.18.1', revision: 'b1d3319b48'
System info: os.name: 'Windows 11', os.arch: 'amd64', os.version: '10.0', java.version: '21.0.2'
Driver info: org.openqa.selenium.chrome.ChromeDriver
Command: [68467fa6e3a2d5012cfc82b8dbe32385, findElement {using=xpath, value=//*[@id="kt_content_container"]/div[2]/div/table/tbody/tr/td[8]/span/a}]
Capabilities {acceptInsecureCerts: false, browserName: chrome, browserVersion: 123.0.6312.123, chrome: {chromedriverVersion: 123.0.6312.122 (31f8248cdd9..., userDataDir: C:\Users\THIRUM~1\AppData\L...}, fedcm:accounts: true, goog:chromeOptions: {debuggerAddress: localhost:62360}, networkConnectionEnabled: false, pageLoadStrategy: normal, platformName: windows, proxy: Proxy(), se:cdp: ws://localhost:62360/devtoo..., se:cdpVersion: 123.0.6312.123, setWindowRect: true, strictFileInteractability: false, timeouts: {implicit: 0, pageLoad: 300000, script: 30000}, unhandledPromptBehavior: dismiss and notify, webauthn:extension:credBlob: true, webauthn:extension:largeBlob: true, webauthn:extension:minPinLength: true, webauthn:extension:prf: true, webauthn:virtualAuthenticators: true}
Session ID: 68467fa6e3a2d5012cfc82b8dbe32385
at org.openqa.selenium.remote.ErrorCodec.decode(ErrorCodec.java:167)
at org.openqa.selenium.remote.codec.w3c.W3CHttpResponseCodec.decode(W3CHttpResponseCodec.java:138)
at org.openqa.selenium.remote.codec.w3c.W3CHttpResponseCodec.decode(W3CHttpResponseCodec.java:50)
at org.openqa.selenium.remote.HttpCommandExecutor.execute(HttpCommandExecutor.java:190)
at org.openqa.selenium.remote.service.DriverCommandExecutor.invokeExecute(DriverCommandExecutor.java:216)
at org.openqa.selenium.remote.service.DriverCommandExecutor.execute(DriverCommandExecutor.java:174)
at org.openqa.selenium.remote.RemoteWebDriver.execute(RemoteWebDriver.java:519)
at org.openqa.selenium.remote.ElementLocation$ElementFinder$2.findElement(ElementLocation.java:165)
at org.openqa.selenium.remote.ElementLocation.findElement(ElementLocation.java:59)
at org.openqa.selenium.remote.RemoteWebDriver.findElement(RemoteWebDriver.java:356)
at org.openqa.selenium.remote.RemoteWebDriver.findElement(RemoteWebDriver.java:350)
at allPages.InstallerSetup.TC23(InstallerSetup.java:589)
at java.base/java.util.ArrayList.forEach(ArrayList.java:1596)
... Removed 28 stack frames]]>
    </failure>
  </testcase> <!-- TC23 -->
  <testcase classname="allPages.InstallerSetup" name="TC24" time="38.814">
    <skipped/>
  </testcase> <!-- TC24 -->
  <testcase classname="allPages.InstallerSetup" name="TC24" time="38.793">
    <skipped/>
  </testcase> <!-- TC24 -->
  <testcase classname="allPages.InstallerSetup" name="TC24" time="38.517">
    <skipped/>
  </testcase> <!-- TC24 -->
  <testcase classname="allPages.InstallerSetup" name="TC24" time="38.644">
    <skipped/>
  </testcase> <!-- TC24 -->
  <testcase classname="allPages.InstallerSetup" name="TC24" time="39.182">
    <skipped/>
  </testcase> <!-- TC24 -->
  <testcase classname="allPages.InstallerSetup" name="TC24" time="38.64">
    <failure type="org.openqa.selenium.NoSuchElementException" message="no such element: Unable to locate element: {&amp;quot;method&amp;quot;:&amp;quot;xpath&amp;quot;,&amp;quot;selector&amp;quot;:&amp;quot;//*[@id=&amp;quot;kt_content_container&amp;quot;]/div[2]/div/table/tbody/tr/td[8]/span/a&amp;quot;}
  (Session info: chrome=123.0.6312.123)
For documentation on this error, please visit: https://www.selenium.dev/documentation/webdriver/troubleshooting/errors#no-such-element-exception
Build info: version: &amp;apos;4.18.1&amp;apos;, revision: &amp;apos;b1d3319b48&amp;apos;
System info: os.name: &amp;apos;Windows 11&amp;apos;, os.arch: &amp;apos;amd64&amp;apos;, os.version: &amp;apos;10.0&amp;apos;, java.version: &amp;apos;21.0.2&amp;apos;
Driver info: org.openqa.selenium.chrome.ChromeDriver
Command: [457fe8db8fd97975828c379b1ab887fa, findElement {using=xpath, value=//*[@id=&amp;quot;kt_content_container&amp;quot;]/div[2]/div/table/tbody/tr/td[8]/span/a}]
Capabilities {acceptInsecureCerts: false, browserName: chrome, browserVersion: 123.0.6312.123, chrome: {chromedriverVersion: 123.0.6312.122 (31f8248cdd9..., userDataDir: C:\Users\THIRUM~1\AppData\L...}, fedcm:accounts: true, goog:chromeOptions: {debuggerAddress: localhost:63379}, networkConnectionEnabled: false, pageLoadStrategy: normal, platformName: windows, proxy: Proxy(), se:cdp: ws://localhost:63379/devtoo..., se:cdpVersion: 123.0.6312.123, setWindowRect: true, strictFileInteractability: false, timeouts: {implicit: 0, pageLoad: 300000, script: 30000}, unhandledPromptBehavior: dismiss and notify, webauthn:extension:credBlob: true, webauthn:extension:largeBlob: true, webauthn:extension:minPinLength: true, webauthn:extension:prf: true, webauthn:virtualAuthenticators: true}
Session ID: 457fe8db8fd97975828c379b1ab887fa">
      <![CDATA[org.openqa.selenium.NoSuchElementException: no such element: Unable to locate element: {"method":"xpath","selector":"//*[@id="kt_content_container"]/div[2]/div/table/tbody/tr/td[8]/span/a"}
  (Session info: chrome=123.0.6312.123)
For documentation on this error, please visit: https://www.selenium.dev/documentation/webdriver/troubleshooting/errors#no-such-element-exception
Build info: version: '4.18.1', revision: 'b1d3319b48'
System info: os.name: 'Windows 11', os.arch: 'amd64', os.version: '10.0', java.version: '21.0.2'
Driver info: org.openqa.selenium.chrome.ChromeDriver
Command: [457fe8db8fd97975828c379b1ab887fa, findElement {using=xpath, value=//*[@id="kt_content_container"]/div[2]/div/table/tbody/tr/td[8]/span/a}]
Capabilities {acceptInsecureCerts: false, browserName: chrome, browserVersion: 123.0.6312.123, chrome: {chromedriverVersion: 123.0.6312.122 (31f8248cdd9..., userDataDir: C:\Users\THIRUM~1\AppData\L...}, fedcm:accounts: true, goog:chromeOptions: {debuggerAddress: localhost:63379}, networkConnectionEnabled: false, pageLoadStrategy: normal, platformName: windows, proxy: Proxy(), se:cdp: ws://localhost:63379/devtoo..., se:cdpVersion: 123.0.6312.123, setWindowRect: true, strictFileInteractability: false, timeouts: {implicit: 0, pageLoad: 300000, script: 30000}, unhandledPromptBehavior: dismiss and notify, webauthn:extension:credBlob: true, webauthn:extension:largeBlob: true, webauthn:extension:minPinLength: true, webauthn:extension:prf: true, webauthn:virtualAuthenticators: true}
Session ID: 457fe8db8fd97975828c379b1ab887fa
at org.openqa.selenium.remote.ErrorCodec.decode(ErrorCodec.java:167)
at org.openqa.selenium.remote.codec.w3c.W3CHttpResponseCodec.decode(W3CHttpResponseCodec.java:138)
at org.openqa.selenium.remote.codec.w3c.W3CHttpResponseCodec.decode(W3CHttpResponseCodec.java:50)
at org.openqa.selenium.remote.HttpCommandExecutor.execute(HttpCommandExecutor.java:190)
at org.openqa.selenium.remote.service.DriverCommandExecutor.invokeExecute(DriverCommandExecutor.java:216)
at org.openqa.selenium.remote.service.DriverCommandExecutor.execute(DriverCommandExecutor.java:174)
at org.openqa.selenium.remote.RemoteWebDriver.execute(RemoteWebDriver.java:519)
at org.openqa.selenium.remote.ElementLocation$ElementFinder$2.findElement(ElementLocation.java:165)
at org.openqa.selenium.remote.ElementLocation.findElement(ElementLocation.java:59)
at org.openqa.selenium.remote.RemoteWebDriver.findElement(RemoteWebDriver.java:356)
at org.openqa.selenium.remote.RemoteWebDriver.findElement(RemoteWebDriver.java:350)
at allPages.InstallerSetup.TC24(InstallerSetup.java:609)
at java.base/java.util.ArrayList.forEach(ArrayList.java:1596)
... Removed 28 stack frames]]>
    </failure>
  </testcase> <!-- TC24 -->
  <testcase classname="allPages.InstallerSetup" name="TC25" time="6.721"/>
  <testcase classname="allPages.BankSetup" name="AuthorizedNetClick" time="7.128"/>
  <testcase classname="allPages.BankSetup" name="BankSetupClick" time="4.256"/>
  <testcase classname="allPages.BankSetup" name="EventLog" time="7.0"/>
  <testcase classname="allPages.BankSetup" name="ExceptionLog" time="6.976"/>
  <testcase classname="allPages.BankSetup" name="IPWhitelist" time="7.006"/>
  <testcase classname="allPages.BankSetup" name="UserLog" time="6.917"/>
  <testcase classname="allPages.BankSetup" name="TC01" time="10.616"/>
  <testcase classname="allPages.BankSetup" name="TC02" time="8.9"/>
  <testcase classname="allPages.BankSetup" name="TC03" time="8.314"/>
  <testcase classname="allPages.BankSetup" name="TC04" time="9.441"/>
  <testcase classname="allPages.BankSetup" name="TC05" time="12.182"/>
  <testcase classname="allPages.BankSetup" name="TC06" time="16.733"/>
  <testcase classname="allPages.BankSetup" name="TC07" time="12.888"/>
  <testcase classname="allPages.BankSetup" name="TC08" time="14.564"/>
  <testcase classname="allPages.BankSetup" name="TC09" time="8.696"/>
  <testcase classname="allPages.BankSetup" name="TC10" time="8.361"/>
  <testcase classname="allPages.BankSetup" name="TC11" time="12.813"/>
  <testcase classname="allPages.BankSetup" name="TC12" time="13.253"/>
  <testcase classname="allPages.BankSetup" name="TC13" time="11.273"/>
  <testcase classname="allPages.BankSetup" name="TC14" time="13.221"/>
  <testcase classname="allPages.BankSetup" name="TC15" time="9.556"/>
  <testcase classname="allPages.BankSetup" name="TC16" time="37.078">
    <skipped/>
  </testcase> <!-- TC16 -->
  <testcase classname="allPages.BankSetup" name="TC16" time="13.159"/>
  <testcase classname="allPages.BankSetup" name="TC17" time="10.257"/>
  <testcase classname="allPages.BankSetup" name="TC18" time="11.496"/>
  <testcase classname="allPages.BankSetup" name="TC19" time="11.459"/>
  <testcase classname="allPages.BankSetup" name="TC20" time="11.209"/>
  <testcase classname="allPages.BankSetup" name="TC21" time="9.623"/>
  <testcase classname="allPages.BankSetup" name="TC22" time="11.429"/>
  <testcase classname="allPages.BankSetup" name="TC23" time="14.826"/>
  <testcase classname="allPages.BankSetup" name="TC24" time="15.311"/>
  <testcase classname="allPages.BankSetup" name="TC25" time="10.034"/>
  <testcase classname="allPages.BankSetup" name="TC26" time="15.774"/>
  <testcase classname="allPages.BankSetup" name="TC27" time="9.54"/>
  <testcase classname="allPages.BankSetup" name="TC28" time="9.631"/>
  <testcase classname="allPages.BankSetup" name="TC29" time="9.84"/>
  <testcase classname="allPages.BankSetup" name="TC30" time="7.613"/>
  <testcase classname="allPages.BankSetup" name="TC31" time="13.116"/>
  <testcase classname="allPages.BankSetup" name="TC32" time="19.516"/>
  <testcase classname="allPages.BankSetup" name="TC33" time="7.291"/>
  <testcase classname="allPages.ViewUser" name="ViewUsersClick" time="7.17"/>
  <testcase classname="allPages.ViewUser" name="TC01" time="9.642"/>
  <testcase classname="allPages.ViewUser" name="TC02" time="16.177"/>
  <testcase classname="allPages.ViewUser" name="TC03" time="21.722"/>
  <testcase classname="allPages.ViewUser" name="TC04" time="12.396"/>
  <testcase classname="allPages.ViewUser" name="TC05" time="20.076"/>
  <testcase classname="allPages.ViewUser" name="TC06" time="20.488"/>
  <testcase classname="allPages.ViewUser" name="TC07" time="17.556"/>
  <testcase classname="allPages.ViewUser" name="TC36" time="18.136"/>
  <testcase classname="allPages.ViewUser" name="TC08" time="1.352"/>
  <testcase classname="allPages.ViewUser" name="TC09" time="22.785"/>
  <testcase classname="allPages.ViewUser" name="TC10" time="1.002"/>
  <testcase classname="allPages.ViewUser" name="TC11" time="11.14">
    <skipped/>
  </testcase> <!-- TC11 -->
  <testcase classname="allPages.ViewUser" name="TC11" time="10.822">
    <skipped/>
  </testcase> <!-- TC11 -->
  <testcase classname="allPages.ViewUser" name="TC11" time="9.995"/>
  <testcase classname="allPages.ViewUser" name="TC12" time="11.691"/>
  <testcase classname="allPages.ViewUser" name="TC13" time="0.744"/>
  <testcase classname="allPages.ViewUser" name="TC14" time="12.219"/>
  <testcase classname="allPages.ViewUser" name="TC15" time="17.802"/>
  <testcase classname="allPages.ViewUser" name="TC16" time="3.029"/>
  <testcase classname="allPages.ViewUser" name="TC17" time="12.037"/>
  <testcase classname="allPages.ViewUser" name="TC18" time="13.427"/>
  <testcase classname="allPages.ViewUser" name="TC19" time="18.692"/>
  <testcase classname="allPages.ViewUser" name="TC20" time="30.929"/>
  <testcase classname="allPages.ViewUser" name="TC21" time="10.246"/>
  <testcase classname="allPages.ViewUser" name="TC22" time="19.352"/>
  <testcase classname="allPages.ViewUser" name="TC24" time="14.173"/>
  <testcase classname="allPages.ViewUser" name="TC25" time="0.679"/>
  <testcase classname="allPages.ViewUser" name="TC26" time="10.217"/>
  <testcase classname="allPages.ViewUser" name="TC27" time="44.203">
    <skipped/>
  </testcase> <!-- TC27 -->
  <testcase classname="allPages.ViewUser" name="TC27" time="43.939">
    <skipped/>
  </testcase> <!-- TC27 -->
  <testcase classname="allPages.ViewUser" name="TC27" time="43.846">
    <skipped/>
  </testcase> <!-- TC27 -->
  <testcase classname="allPages.ViewUser" name="TC27" time="43.692">
    <skipped/>
  </testcase> <!-- TC27 -->
  <testcase classname="allPages.ViewUser" name="TC27" time="43.811">
    <skipped/>
  </testcase> <!-- TC27 -->
  <testcase classname="allPages.ViewUser" name="TC27" time="44.434">
    <failure type="org.openqa.selenium.NoSuchElementException" message="no such element: Unable to locate element: {&amp;quot;method&amp;quot;:&amp;quot;xpath&amp;quot;,&amp;quot;selector&amp;quot;:&amp;quot;//*[@id=&amp;quot;kt_content_container&amp;quot;]/div[1]/div[2]/ul/li[3]/a/span&amp;quot;}
  (Session info: chrome=123.0.6312.123)
For documentation on this error, please visit: https://www.selenium.dev/documentation/webdriver/troubleshooting/errors#no-such-element-exception
Build info: version: &amp;apos;4.18.1&amp;apos;, revision: &amp;apos;b1d3319b48&amp;apos;
System info: os.name: &amp;apos;Windows 11&amp;apos;, os.arch: &amp;apos;amd64&amp;apos;, os.version: &amp;apos;10.0&amp;apos;, java.version: &amp;apos;21.0.2&amp;apos;
Driver info: org.openqa.selenium.chrome.ChromeDriver
Command: [0e52c666cb82f6671e3d14c8f210036f, findElement {using=xpath, value=//*[@id=&amp;quot;kt_content_container&amp;quot;]/div[1]/div[2]/ul/li[3]/a/span}]
Capabilities {acceptInsecureCerts: false, browserName: chrome, browserVersion: 123.0.6312.123, chrome: {chromedriverVersion: 123.0.6312.122 (31f8248cdd9..., userDataDir: C:\Users\THIRUM~1\AppData\L...}, fedcm:accounts: true, goog:chromeOptions: {debuggerAddress: localhost:53954}, networkConnectionEnabled: false, pageLoadStrategy: normal, platformName: windows, proxy: Proxy(), se:cdp: ws://localhost:53954/devtoo..., se:cdpVersion: 123.0.6312.123, setWindowRect: true, strictFileInteractability: false, timeouts: {implicit: 0, pageLoad: 300000, script: 30000}, unhandledPromptBehavior: dismiss and notify, webauthn:extension:credBlob: true, webauthn:extension:largeBlob: true, webauthn:extension:minPinLength: true, webauthn:extension:prf: true, webauthn:virtualAuthenticators: true}
Session ID: 0e52c666cb82f6671e3d14c8f210036f">
      <![CDATA[org.openqa.selenium.NoSuchElementException: no such element: Unable to locate element: {"method":"xpath","selector":"//*[@id="kt_content_container"]/div[1]/div[2]/ul/li[3]/a/span"}
  (Session info: chrome=123.0.6312.123)
For documentation on this error, please visit: https://www.selenium.dev/documentation/webdriver/troubleshooting/errors#no-such-element-exception
Build info: version: '4.18.1', revision: 'b1d3319b48'
System info: os.name: 'Windows 11', os.arch: 'amd64', os.version: '10.0', java.version: '21.0.2'
Driver info: org.openqa.selenium.chrome.ChromeDriver
Command: [0e52c666cb82f6671e3d14c8f210036f, findElement {using=xpath, value=//*[@id="kt_content_container"]/div[1]/div[2]/ul/li[3]/a/span}]
Capabilities {acceptInsecureCerts: false, browserName: chrome, browserVersion: 123.0.6312.123, chrome: {chromedriverVersion: 123.0.6312.122 (31f8248cdd9..., userDataDir: C:\Users\THIRUM~1\AppData\L...}, fedcm:accounts: true, goog:chromeOptions: {debuggerAddress: localhost:53954}, networkConnectionEnabled: false, pageLoadStrategy: normal, platformName: windows, proxy: Proxy(), se:cdp: ws://localhost:53954/devtoo..., se:cdpVersion: 123.0.6312.123, setWindowRect: true, strictFileInteractability: false, timeouts: {implicit: 0, pageLoad: 300000, script: 30000}, unhandledPromptBehavior: dismiss and notify, webauthn:extension:credBlob: true, webauthn:extension:largeBlob: true, webauthn:extension:minPinLength: true, webauthn:extension:prf: true, webauthn:virtualAuthenticators: true}
Session ID: 0e52c666cb82f6671e3d14c8f210036f
at org.openqa.selenium.remote.ErrorCodec.decode(ErrorCodec.java:167)
at org.openqa.selenium.remote.codec.w3c.W3CHttpResponseCodec.decode(W3CHttpResponseCodec.java:138)
at org.openqa.selenium.remote.codec.w3c.W3CHttpResponseCodec.decode(W3CHttpResponseCodec.java:50)
at org.openqa.selenium.remote.HttpCommandExecutor.execute(HttpCommandExecutor.java:190)
at org.openqa.selenium.remote.service.DriverCommandExecutor.invokeExecute(DriverCommandExecutor.java:216)
at org.openqa.selenium.remote.service.DriverCommandExecutor.execute(DriverCommandExecutor.java:174)
at org.openqa.selenium.remote.RemoteWebDriver.execute(RemoteWebDriver.java:519)
at org.openqa.selenium.remote.ElementLocation$ElementFinder$2.findElement(ElementLocation.java:165)
at org.openqa.selenium.remote.ElementLocation.findElement(ElementLocation.java:59)
at org.openqa.selenium.remote.RemoteWebDriver.findElement(RemoteWebDriver.java:356)
at org.openqa.selenium.remote.RemoteWebDriver.findElement(RemoteWebDriver.java:350)
at allPages.ViewUser.TC27(ViewUser.java:708)
at java.base/java.util.ArrayList.forEach(ArrayList.java:1596)
... Removed 28 stack frames]]>
    </failure>
  </testcase> <!-- TC27 -->
  <testcase classname="allPages.ViewUser" name="TC29" time="22.093"/>
  <testcase classname="allPages.ViewUser" name="TC30" time="42.98">
    <skipped/>
  </testcase> <!-- TC30 -->
  <testcase classname="allPages.ViewUser" name="TC30" time="42.26">
    <skipped/>
  </testcase> <!-- TC30 -->
  <testcase classname="allPages.ViewUser" name="TC30" time="42.03">
    <skipped/>
  </testcase> <!-- TC30 -->
  <testcase classname="allPages.ViewUser" name="TC30" time="42.13">
    <skipped/>
  </testcase> <!-- TC30 -->
  <testcase classname="allPages.ViewUser" name="TC30" time="41.701">
    <skipped/>
  </testcase> <!-- TC30 -->
  <testcase classname="allPages.ViewUser" name="TC30" time="41.722">
    <failure type="org.openqa.selenium.NoSuchElementException" message="no such element: Unable to locate element: {&amp;quot;method&amp;quot;:&amp;quot;xpath&amp;quot;,&amp;quot;selector&amp;quot;:&amp;quot;//*[@id=&amp;quot;kt_content_container&amp;quot;]/div[1]/div[2]/ul/li[5]/a&amp;quot;}
  (Session info: chrome=123.0.6312.123)
For documentation on this error, please visit: https://www.selenium.dev/documentation/webdriver/troubleshooting/errors#no-such-element-exception
Build info: version: &amp;apos;4.18.1&amp;apos;, revision: &amp;apos;b1d3319b48&amp;apos;
System info: os.name: &amp;apos;Windows 11&amp;apos;, os.arch: &amp;apos;amd64&amp;apos;, os.version: &amp;apos;10.0&amp;apos;, java.version: &amp;apos;21.0.2&amp;apos;
Driver info: org.openqa.selenium.chrome.ChromeDriver
Command: [fbcb468e6e3787a7d22b7d1d63c81d0e, findElement {using=xpath, value=//*[@id=&amp;quot;kt_content_container&amp;quot;]/div[1]/div[2]/ul/li[5]/a}]
Capabilities {acceptInsecureCerts: false, browserName: chrome, browserVersion: 123.0.6312.123, chrome: {chromedriverVersion: 123.0.6312.122 (31f8248cdd9..., userDataDir: C:\Users\THIRUM~1\AppData\L...}, fedcm:accounts: true, goog:chromeOptions: {debuggerAddress: localhost:54906}, networkConnectionEnabled: false, pageLoadStrategy: normal, platformName: windows, proxy: Proxy(), se:cdp: ws://localhost:54906/devtoo..., se:cdpVersion: 123.0.6312.123, setWindowRect: true, strictFileInteractability: false, timeouts: {implicit: 0, pageLoad: 300000, script: 30000}, unhandledPromptBehavior: dismiss and notify, webauthn:extension:credBlob: true, webauthn:extension:largeBlob: true, webauthn:extension:minPinLength: true, webauthn:extension:prf: true, webauthn:virtualAuthenticators: true}
Session ID: fbcb468e6e3787a7d22b7d1d63c81d0e">
      <![CDATA[org.openqa.selenium.NoSuchElementException: no such element: Unable to locate element: {"method":"xpath","selector":"//*[@id="kt_content_container"]/div[1]/div[2]/ul/li[5]/a"}
  (Session info: chrome=123.0.6312.123)
For documentation on this error, please visit: https://www.selenium.dev/documentation/webdriver/troubleshooting/errors#no-such-element-exception
Build info: version: '4.18.1', revision: 'b1d3319b48'
System info: os.name: 'Windows 11', os.arch: 'amd64', os.version: '10.0', java.version: '21.0.2'
Driver info: org.openqa.selenium.chrome.ChromeDriver
Command: [fbcb468e6e3787a7d22b7d1d63c81d0e, findElement {using=xpath, value=//*[@id="kt_content_container"]/div[1]/div[2]/ul/li[5]/a}]
Capabilities {acceptInsecureCerts: false, browserName: chrome, browserVersion: 123.0.6312.123, chrome: {chromedriverVersion: 123.0.6312.122 (31f8248cdd9..., userDataDir: C:\Users\THIRUM~1\AppData\L...}, fedcm:accounts: true, goog:chromeOptions: {debuggerAddress: localhost:54906}, networkConnectionEnabled: false, pageLoadStrategy: normal, platformName: windows, proxy: Proxy(), se:cdp: ws://localhost:54906/devtoo..., se:cdpVersion: 123.0.6312.123, setWindowRect: true, strictFileInteractability: false, timeouts: {implicit: 0, pageLoad: 300000, script: 30000}, unhandledPromptBehavior: dismiss and notify, webauthn:extension:credBlob: true, webauthn:extension:largeBlob: true, webauthn:extension:minPinLength: true, webauthn:extension:prf: true, webauthn:virtualAuthenticators: true}
Session ID: fbcb468e6e3787a7d22b7d1d63c81d0e
at org.openqa.selenium.remote.ErrorCodec.decode(ErrorCodec.java:167)
at org.openqa.selenium.remote.codec.w3c.W3CHttpResponseCodec.decode(W3CHttpResponseCodec.java:138)
at org.openqa.selenium.remote.codec.w3c.W3CHttpResponseCodec.decode(W3CHttpResponseCodec.java:50)
at org.openqa.selenium.remote.HttpCommandExecutor.execute(HttpCommandExecutor.java:190)
at org.openqa.selenium.remote.service.DriverCommandExecutor.invokeExecute(DriverCommandExecutor.java:216)
at org.openqa.selenium.remote.service.DriverCommandExecutor.execute(DriverCommandExecutor.java:174)
at org.openqa.selenium.remote.RemoteWebDriver.execute(RemoteWebDriver.java:519)
at org.openqa.selenium.remote.ElementLocation$ElementFinder$2.findElement(ElementLocation.java:165)
at org.openqa.selenium.remote.ElementLocation.findElement(ElementLocation.java:59)
at org.openqa.selenium.remote.RemoteWebDriver.findElement(RemoteWebDriver.java:356)
at org.openqa.selenium.remote.RemoteWebDriver.findElement(RemoteWebDriver.java:350)
at allPages.ViewUser.TC30(ViewUser.java:774)
at java.base/java.util.ArrayList.forEach(ArrayList.java:1596)
... Removed 28 stack frames]]>
    </failure>
  </testcase> <!-- TC30 -->
  <testcase classname="allPages.ViewUser" name="TC31" time="17.416"/>
  <testcase classname="allPages.ViewUser" name="TC32" time="19.672"/>
  <testcase classname="allPages.ViewUser" name="TC33" time="12.184"/>
  <testcase classname="allPages.ViewUser" name="TC34" time="14.285"/>
  <testcase classname="allPages.ViewUser" name="TC35" time="12.721"/>
  <testcase classname="allPages.Login" name="Login_TC1" time="0.807"/>
  <testcase classname="allPages.Login" name="Login_TC2" time="0.65"/>
  <testcase classname="allPages.Login" name="Login_TC3" time="0.71"/>
  <testcase classname="allPages.Login" name="Login_TC4" time="0.786"/>
  <testcase classname="allPages.Login" name="Login_TC5" time="0.902"/>
  <testcase classname="allPages.Login" name="Login_TC6" time="31.167"/>
  <testcase classname="allPages.Login" name="Login_TC7" time="31.398"/>
  <testcase classname="allPages.Login" name="Login_TC9" time="0.789"/>
  <testcase classname="allPages.Login" name="Login_TC10" time="1.622"/>
  <testcase classname="allPages.Login" name="Login_T11" time="15.673"/>
  <testcase classname="allPages.Login" name="Login_TC8" time="0.0">
    <ignored/>
  </testcase> <!-- Login_TC8 -->
  <testcase classname="allPages.ViewUser" name="TC23" time="0.0">
    <ignored/>
  </testcase> <!-- TC23 -->
</testsuite> <!-- Test -->
